Performing C++ SOURCE FILE Test has_std_11_flag failed with the following output:
Change Dir: /Users/nikki/Development/castle-xyz/castle-client/core/build_ios/CMakeFiles/CMakeTmp

Run Build Command(s):/usr/bin/xcodebuild -project CMAKE_TRY_COMPILE.xcodeproj build -target cmTC_61460 -configuration Debug -hideShellScriptEnvironment && 2021-06-08 17:22:43.195 xcodebuild[13971:144737] WARNING: Failed to load plugin at path: "/Users/nikki/Library/Application Support/Developer/Shared/Xcode/Plug-ins/XVim2.xcplugin", skipping. Error: Error Domain=NSCocoaErrorDomain Code=3587 "dlopen_preflight(/Users/nikki/Library/Application Support/Developer/Shared/Xcode/Plug-ins/XVim2.xcplugin/Contents/MacOS/XVim2): no suitable image found.  Did find:
	/Users/nikki/Library/Application Support/Developer/Shared/Xcode/Plug-ins/XVim2.xcplugin/Contents/MacOS/XVim2: code signature in (/Users/nikki/Library/Application Support/Developer/Shared/Xcode/Plug-ins/XVim2.xcplugin/Contents/MacOS/XVim2) not valid for use in process using Library Validation: mapped file has no Team ID and is not a platform binary (signed with custom identity or adhoc?)
	/Users/nikki/Library/Application Support/Developer/Shared/Xcode/Plug-ins/XVim2.xcplugin/Contents/MacOS/XVim2: stat() failed with errno=1
	/Users/nikki/Library/Application Support/Developer/Shared/Xcode/Plug-ins/XVim2.xcplugin/Contents/MacOS/XVim2: code signature in (/Users/nikki/Library/Application Support/Developer/Shared/Xcode/Plug-ins/XVim2.xcplugin/Contents/MacOS/XVim2) not valid for use in process using Library Validation: mapped file has no Team ID and is not a platform binary (signed with custom identity or adhoc?)" UserInfo={NSLocalizedFailureReason=The bundle is damaged or missing necessary resources., NSLocalizedRecoverySuggestion=Try reinstalling the bundle., NSFilePath=/Users/nikki/Library/Application Support/Developer/Shared/Xcode/Plug-ins/XVim2.xcplugin/Contents/MacOS/XVim2, NSDebugDescription=dlopen_preflight(/Users/nikki/Library/Application Support/Developer/Shared/Xcode/Plug-ins/XVim2.xcplugin/Contents/MacOS/XVim2): no suitable image found.  Did find:
	/Users/nikki/Library/Application Support/Developer/Shared/Xcode/Plug-ins/XVim2.xcplugin/Contents/MacOS/XVim2: code signature in (/Users/nikki/Library/Application Support/Developer/Shared/Xcode/Plug-ins/XVim2.xcplugin/Contents/MacOS/XVim2) not valid for use in process using Library Validation: mapped file has no Team ID and is not a platform binary (signed with custom identity or adhoc?)
	/Users/nikki/Library/Application Support/Developer/Shared/Xcode/Plug-ins/XVim2.xcplugin/Contents/MacOS/XVim2: stat() failed with errno=1
	/Users/nikki/Library/Application Support/Developer/Shared/Xcode/Plug-ins/XVim2.xcplugin/Contents/MacOS/XVim2: code signature in (/Users/nikki/Library/Application Support/Developer/Shared/Xcode/Plug-ins/XVim2.xcplugin/Contents/MacOS/XVim2) not valid for use in process using Library Validation: mapped file has no Team ID and is not a platform binary (signed with custom identity or adhoc?), NSBundlePath=/Users/nikki/Library/Application Support/Developer/Shared/Xcode/Plug-ins/XVim2.xcplugin, NSLocalizedDescription=The bundle “XVim2” couldn’t be loaded because it is damaged or missing necessary resources.}
Command line invocation:
    /Applications/Xcode.app/Contents/Developer/usr/bin/xcodebuild -project CMAKE_TRY_COMPILE.xcodeproj build -target cmTC_61460 -configuration Debug -hideShellScriptEnvironment

User defaults from command line:
    HideShellScriptEnvironment = YES
    IDEPackageSupportUseBuiltinSCM = YES

Prepare build
note: The Legacy Build System will be removed in a future release. You can configure the selected build system and this deprecation message in File > Project Settings.
=== BUILD TARGET cmTC_61460 OF PROJECT CMAKE_TRY_COMPILE WITH CONFIGURATION Debug ===

Check dependencies
Code Signing Error: Bundle identifier is missing. cmTC_61460 doesn't have a bundle identifier. Add a value for PRODUCT_BUNDLE_IDENTIFIER in the build settings editor.
Code Signing Error: Code signing is required for product type 'Application' in SDK 'iOS 14.5'

** BUILD FAILED **


The following build commands failed:
	Check dependencies
(1 failure)


Source file was:
int main() { return 0; }
Performing C++ SOURCE FILE Test has_std_0x_flag failed with the following output:
Change Dir: /Users/nikki/Development/castle-xyz/castle-client/core/build_ios/CMakeFiles/CMakeTmp

Run Build Command(s):/usr/bin/xcodebuild -project CMAKE_TRY_COMPILE.xcodeproj build -target cmTC_30f55 -configuration Debug -hideShellScriptEnvironment && 2021-06-08 17:22:44.572 xcodebuild[13985:145133] WARNING: Failed to load plugin at path: "/Users/nikki/Library/Application Support/Developer/Shared/Xcode/Plug-ins/XVim2.xcplugin", skipping. Error: Error Domain=NSCocoaErrorDomain Code=3587 "dlopen_preflight(/Users/nikki/Library/Application Support/Developer/Shared/Xcode/Plug-ins/XVim2.xcplugin/Contents/MacOS/XVim2): no suitable image found.  Did find:
	/Users/nikki/Library/Application Support/Developer/Shared/Xcode/Plug-ins/XVim2.xcplugin/Contents/MacOS/XVim2: code signature in (/Users/nikki/Library/Application Support/Developer/Shared/Xcode/Plug-ins/XVim2.xcplugin/Contents/MacOS/XVim2) not valid for use in process using Library Validation: mapped file has no Team ID and is not a platform binary (signed with custom identity or adhoc?)
	/Users/nikki/Library/Application Support/Developer/Shared/Xcode/Plug-ins/XVim2.xcplugin/Contents/MacOS/XVim2: stat() failed with errno=1
	/Users/nikki/Library/Application Support/Developer/Shared/Xcode/Plug-ins/XVim2.xcplugin/Contents/MacOS/XVim2: code signature in (/Users/nikki/Library/Application Support/Developer/Shared/Xcode/Plug-ins/XVim2.xcplugin/Contents/MacOS/XVim2) not valid for use in process using Library Validation: mapped file has no Team ID and is not a platform binary (signed with custom identity or adhoc?)" UserInfo={NSLocalizedFailureReason=The bundle is damaged or missing necessary resources., NSLocalizedRecoverySuggestion=Try reinstalling the bundle., NSFilePath=/Users/nikki/Library/Application Support/Developer/Shared/Xcode/Plug-ins/XVim2.xcplugin/Contents/MacOS/XVim2, NSDebugDescription=dlopen_preflight(/Users/nikki/Library/Application Support/Developer/Shared/Xcode/Plug-ins/XVim2.xcplugin/Contents/MacOS/XVim2): no suitable image found.  Did find:
	/Users/nikki/Library/Application Support/Developer/Shared/Xcode/Plug-ins/XVim2.xcplugin/Contents/MacOS/XVim2: code signature in (/Users/nikki/Library/Application Support/Developer/Shared/Xcode/Plug-ins/XVim2.xcplugin/Contents/MacOS/XVim2) not valid for use in process using Library Validation: mapped file has no Team ID and is not a platform binary (signed with custom identity or adhoc?)
	/Users/nikki/Library/Application Support/Developer/Shared/Xcode/Plug-ins/XVim2.xcplugin/Contents/MacOS/XVim2: stat() failed with errno=1
	/Users/nikki/Library/Application Support/Developer/Shared/Xcode/Plug-ins/XVim2.xcplugin/Contents/MacOS/XVim2: code signature in (/Users/nikki/Library/Application Support/Developer/Shared/Xcode/Plug-ins/XVim2.xcplugin/Contents/MacOS/XVim2) not valid for use in process using Library Validation: mapped file has no Team ID and is not a platform binary (signed with custom identity or adhoc?), NSBundlePath=/Users/nikki/Library/Application Support/Developer/Shared/Xcode/Plug-ins/XVim2.xcplugin, NSLocalizedDescription=The bundle “XVim2” couldn’t be loaded because it is damaged or missing necessary resources.}
Command line invocation:
    /Applications/Xcode.app/Contents/Developer/usr/bin/xcodebuild -project CMAKE_TRY_COMPILE.xcodeproj build -target cmTC_30f55 -configuration Debug -hideShellScriptEnvironment

User defaults from command line:
    HideShellScriptEnvironment = YES
    IDEPackageSupportUseBuiltinSCM = YES

Prepare build
note: The Legacy Build System will be removed in a future release. You can configure the selected build system and this deprecation message in File > Project Settings.
=== BUILD TARGET cmTC_30f55 OF PROJECT CMAKE_TRY_COMPILE WITH CONFIGURATION Debug ===

Check dependencies
Code Signing Error: Bundle identifier is missing. cmTC_30f55 doesn't have a bundle identifier. Add a value for PRODUCT_BUNDLE_IDENTIFIER in the build settings editor.
Code Signing Error: Code signing is required for product type 'Application' in SDK 'iOS 14.5'

** BUILD FAILED **


The following build commands failed:
	Check dependencies
(1 failure)


Source file was:
int main() { return 0; }
Performing C++ SOURCE FILE Test SUPPORTS_USER_DEFINED_LITERALS failed with the following output:
Change Dir: /Users/nikki/Development/castle-xyz/castle-client/core/build_ios/CMakeFiles/CMakeTmp

Run Build Command(s):/usr/bin/xcodebuild -project CMAKE_TRY_COMPILE.xcodeproj build -target cmTC_05726 -configuration Debug -hideShellScriptEnvironment && 2021-06-08 17:22:45.957 xcodebuild[13999:145527] WARNING: Failed to load plugin at path: "/Users/nikki/Library/Application Support/Developer/Shared/Xcode/Plug-ins/XVim2.xcplugin", skipping. Error: Error Domain=NSCocoaErrorDomain Code=3587 "dlopen_preflight(/Users/nikki/Library/Application Support/Developer/Shared/Xcode/Plug-ins/XVim2.xcplugin/Contents/MacOS/XVim2): no suitable image found.  Did find:
	/Users/nikki/Library/Application Support/Developer/Shared/Xcode/Plug-ins/XVim2.xcplugin/Contents/MacOS/XVim2: code signature in (/Users/nikki/Library/Application Support/Developer/Shared/Xcode/Plug-ins/XVim2.xcplugin/Contents/MacOS/XVim2) not valid for use in process using Library Validation: mapped file has no Team ID and is not a platform binary (signed with custom identity or adhoc?)
	/Users/nikki/Library/Application Support/Developer/Shared/Xcode/Plug-ins/XVim2.xcplugin/Contents/MacOS/XVim2: stat() failed with errno=1
	/Users/nikki/Library/Application Support/Developer/Shared/Xcode/Plug-ins/XVim2.xcplugin/Contents/MacOS/XVim2: code signature in (/Users/nikki/Library/Application Support/Developer/Shared/Xcode/Plug-ins/XVim2.xcplugin/Contents/MacOS/XVim2) not valid for use in process using Library Validation: mapped file has no Team ID and is not a platform binary (signed with custom identity or adhoc?)" UserInfo={NSLocalizedFailureReason=The bundle is damaged or missing necessary resources., NSLocalizedRecoverySuggestion=Try reinstalling the bundle., NSFilePath=/Users/nikki/Library/Application Support/Developer/Shared/Xcode/Plug-ins/XVim2.xcplugin/Contents/MacOS/XVim2, NSDebugDescription=dlopen_preflight(/Users/nikki/Library/Application Support/Developer/Shared/Xcode/Plug-ins/XVim2.xcplugin/Contents/MacOS/XVim2): no suitable image found.  Did find:
	/Users/nikki/Library/Application Support/Developer/Shared/Xcode/Plug-ins/XVim2.xcplugin/Contents/MacOS/XVim2: code signature in (/Users/nikki/Library/Application Support/Developer/Shared/Xcode/Plug-ins/XVim2.xcplugin/Contents/MacOS/XVim2) not valid for use in process using Library Validation: mapped file has no Team ID and is not a platform binary (signed with custom identity or adhoc?)
	/Users/nikki/Library/Application Support/Developer/Shared/Xcode/Plug-ins/XVim2.xcplugin/Contents/MacOS/XVim2: stat() failed with errno=1
	/Users/nikki/Library/Application Support/Developer/Shared/Xcode/Plug-ins/XVim2.xcplugin/Contents/MacOS/XVim2: code signature in (/Users/nikki/Library/Application Support/Developer/Shared/Xcode/Plug-ins/XVim2.xcplugin/Contents/MacOS/XVim2) not valid for use in process using Library Validation: mapped file has no Team ID and is not a platform binary (signed with custom identity or adhoc?), NSBundlePath=/Users/nikki/Library/Application Support/Developer/Shared/Xcode/Plug-ins/XVim2.xcplugin, NSLocalizedDescription=The bundle “XVim2” couldn’t be loaded because it is damaged or missing necessary resources.}
Command line invocation:
    /Applications/Xcode.app/Contents/Developer/usr/bin/xcodebuild -project CMAKE_TRY_COMPILE.xcodeproj build -target cmTC_05726 -configuration Debug -hideShellScriptEnvironment

User defaults from command line:
    HideShellScriptEnvironment = YES
    IDEPackageSupportUseBuiltinSCM = YES

Prepare build
note: The Legacy Build System will be removed in a future release. You can configure the selected build system and this deprecation message in File > Project Settings.
=== BUILD TARGET cmTC_05726 OF PROJECT CMAKE_TRY_COMPILE WITH CONFIGURATION Debug ===

Check dependencies
Code Signing Error: Bundle identifier is missing. cmTC_05726 doesn't have a bundle identifier. Add a value for PRODUCT_BUNDLE_IDENTIFIER in the build settings editor.
Code Signing Error: Code signing is required for product type 'Application' in SDK 'iOS 14.5'

** BUILD FAILED **


The following build commands failed:
	Check dependencies
(1 failure)


Source file was:

  void operator"" _udl(long double);
  int main() {}
Performing C++ SOURCE FILE Test FMT_HAS_VARIANT failed with the following output:
Change Dir: /Users/nikki/Development/castle-xyz/castle-client/core/build_ios/CMakeFiles/CMakeTmp

Run Build Command(s):/usr/bin/xcodebuild -project CMAKE_TRY_COMPILE.xcodeproj build -target cmTC_65582 -configuration Debug -hideShellScriptEnvironment && 2021-06-08 17:22:47.343 xcodebuild[14013:145930] WARNING: Failed to load plugin at path: "/Users/nikki/Library/Application Support/Developer/Shared/Xcode/Plug-ins/XVim2.xcplugin", skipping. Error: Error Domain=NSCocoaErrorDomain Code=3587 "dlopen_preflight(/Users/nikki/Library/Application Support/Developer/Shared/Xcode/Plug-ins/XVim2.xcplugin/Contents/MacOS/XVim2): no suitable image found.  Did find:
	/Users/nikki/Library/Application Support/Developer/Shared/Xcode/Plug-ins/XVim2.xcplugin/Contents/MacOS/XVim2: code signature in (/Users/nikki/Library/Application Support/Developer/Shared/Xcode/Plug-ins/XVim2.xcplugin/Contents/MacOS/XVim2) not valid for use in process using Library Validation: mapped file has no Team ID and is not a platform binary (signed with custom identity or adhoc?)
	/Users/nikki/Library/Application Support/Developer/Shared/Xcode/Plug-ins/XVim2.xcplugin/Contents/MacOS/XVim2: stat() failed with errno=1
	/Users/nikki/Library/Application Support/Developer/Shared/Xcode/Plug-ins/XVim2.xcplugin/Contents/MacOS/XVim2: code signature in (/Users/nikki/Library/Application Support/Developer/Shared/Xcode/Plug-ins/XVim2.xcplugin/Contents/MacOS/XVim2) not valid for use in process using Library Validation: mapped file has no Team ID and is not a platform binary (signed with custom identity or adhoc?)" UserInfo={NSLocalizedFailureReason=The bundle is damaged or missing necessary resources., NSLocalizedRecoverySuggestion=Try reinstalling the bundle., NSFilePath=/Users/nikki/Library/Application Support/Developer/Shared/Xcode/Plug-ins/XVim2.xcplugin/Contents/MacOS/XVim2, NSDebugDescription=dlopen_preflight(/Users/nikki/Library/Application Support/Developer/Shared/Xcode/Plug-ins/XVim2.xcplugin/Contents/MacOS/XVim2): no suitable image found.  Did find:
	/Users/nikki/Library/Application Support/Developer/Shared/Xcode/Plug-ins/XVim2.xcplugin/Contents/MacOS/XVim2: code signature in (/Users/nikki/Library/Application Support/Developer/Shared/Xcode/Plug-ins/XVim2.xcplugin/Contents/MacOS/XVim2) not valid for use in process using Library Validation: mapped file has no Team ID and is not a platform binary (signed with custom identity or adhoc?)
	/Users/nikki/Library/Application Support/Developer/Shared/Xcode/Plug-ins/XVim2.xcplugin/Contents/MacOS/XVim2: stat() failed with errno=1
	/Users/nikki/Library/Application Support/Developer/Shared/Xcode/Plug-ins/XVim2.xcplugin/Contents/MacOS/XVim2: code signature in (/Users/nikki/Library/Application Support/Developer/Shared/Xcode/Plug-ins/XVim2.xcplugin/Contents/MacOS/XVim2) not valid for use in process using Library Validation: mapped file has no Team ID and is not a platform binary (signed with custom identity or adhoc?), NSBundlePath=/Users/nikki/Library/Application Support/Developer/Shared/Xcode/Plug-ins/XVim2.xcplugin, NSLocalizedDescription=The bundle “XVim2” couldn’t be loaded because it is damaged or missing necessary resources.}
Command line invocation:
    /Applications/Xcode.app/Contents/Developer/usr/bin/xcodebuild -project CMAKE_TRY_COMPILE.xcodeproj build -target cmTC_65582 -configuration Debug -hideShellScriptEnvironment

User defaults from command line:
    HideShellScriptEnvironment = YES
    IDEPackageSupportUseBuiltinSCM = YES

Prepare build
note: The Legacy Build System will be removed in a future release. You can configure the selected build system and this deprecation message in File > Project Settings.
=== BUILD TARGET cmTC_65582 OF PROJECT CMAKE_TRY_COMPILE WITH CONFIGURATION Debug ===

Check dependencies
Code Signing Error: Bundle identifier is missing. cmTC_65582 doesn't have a bundle identifier. Add a value for PRODUCT_BUNDLE_IDENTIFIER in the build settings editor.
Code Signing Error: Code signing is required for product type 'Application' in SDK 'iOS 14.5'

** BUILD FAILED **


The following build commands failed:
	Check dependencies
(1 failure)


Source file was:

  #include <variant>
  int main() {}
Performing C++ SOURCE FILE Test HAS_NULLPTR_WARNING failed with the following output:
Change Dir: /Users/nikki/Development/castle-xyz/castle-client/core/build_ios/CMakeFiles/CMakeTmp

Run Build Command(s):/usr/bin/xcodebuild -project CMAKE_TRY_COMPILE.xcodeproj build -target cmTC_5754b -configuration Debug -hideShellScriptEnvironment && 2021-06-08 17:22:48.729 xcodebuild[14027:146324] WARNING: Failed to load plugin at path: "/Users/nikki/Library/Application Support/Developer/Shared/Xcode/Plug-ins/XVim2.xcplugin", skipping. Error: Error Domain=NSCocoaErrorDomain Code=3587 "dlopen_preflight(/Users/nikki/Library/Application Support/Developer/Shared/Xcode/Plug-ins/XVim2.xcplugin/Contents/MacOS/XVim2): no suitable image found.  Did find:
	/Users/nikki/Library/Application Support/Developer/Shared/Xcode/Plug-ins/XVim2.xcplugin/Contents/MacOS/XVim2: code signature in (/Users/nikki/Library/Application Support/Developer/Shared/Xcode/Plug-ins/XVim2.xcplugin/Contents/MacOS/XVim2) not valid for use in process using Library Validation: mapped file has no Team ID and is not a platform binary (signed with custom identity or adhoc?)
	/Users/nikki/Library/Application Support/Developer/Shared/Xcode/Plug-ins/XVim2.xcplugin/Contents/MacOS/XVim2: stat() failed with errno=1
	/Users/nikki/Library/Application Support/Developer/Shared/Xcode/Plug-ins/XVim2.xcplugin/Contents/MacOS/XVim2: code signature in (/Users/nikki/Library/Application Support/Developer/Shared/Xcode/Plug-ins/XVim2.xcplugin/Contents/MacOS/XVim2) not valid for use in process using Library Validation: mapped file has no Team ID and is not a platform binary (signed with custom identity or adhoc?)" UserInfo={NSLocalizedFailureReason=The bundle is damaged or missing necessary resources., NSLocalizedRecoverySuggestion=Try reinstalling the bundle., NSFilePath=/Users/nikki/Library/Application Support/Developer/Shared/Xcode/Plug-ins/XVim2.xcplugin/Contents/MacOS/XVim2, NSDebugDescription=dlopen_preflight(/Users/nikki/Library/Application Support/Developer/Shared/Xcode/Plug-ins/XVim2.xcplugin/Contents/MacOS/XVim2): no suitable image found.  Did find:
	/Users/nikki/Library/Application Support/Developer/Shared/Xcode/Plug-ins/XVim2.xcplugin/Contents/MacOS/XVim2: code signature in (/Users/nikki/Library/Application Support/Developer/Shared/Xcode/Plug-ins/XVim2.xcplugin/Contents/MacOS/XVim2) not valid for use in process using Library Validation: mapped file has no Team ID and is not a platform binary (signed with custom identity or adhoc?)
	/Users/nikki/Library/Application Support/Developer/Shared/Xcode/Plug-ins/XVim2.xcplugin/Contents/MacOS/XVim2: stat() failed with errno=1
	/Users/nikki/Library/Application Support/Developer/Shared/Xcode/Plug-ins/XVim2.xcplugin/Contents/MacOS/XVim2: code signature in (/Users/nikki/Library/Application Support/Developer/Shared/Xcode/Plug-ins/XVim2.xcplugin/Contents/MacOS/XVim2) not valid for use in process using Library Validation: mapped file has no Team ID and is not a platform binary (signed with custom identity or adhoc?), NSBundlePath=/Users/nikki/Library/Application Support/Developer/Shared/Xcode/Plug-ins/XVim2.xcplugin, NSLocalizedDescription=The bundle “XVim2” couldn’t be loaded because it is damaged or missing necessary resources.}
Command line invocation:
    /Applications/Xcode.app/Contents/Developer/usr/bin/xcodebuild -project CMAKE_TRY_COMPILE.xcodeproj build -target cmTC_5754b -configuration Debug -hideShellScriptEnvironment

User defaults from command line:
    HideShellScriptEnvironment = YES
    IDEPackageSupportUseBuiltinSCM = YES

Prepare build
note: The Legacy Build System will be removed in a future release. You can configure the selected build system and this deprecation message in File > Project Settings.
=== BUILD TARGET cmTC_5754b OF PROJECT CMAKE_TRY_COMPILE WITH CONFIGURATION Debug ===

Check dependencies
Code Signing Error: Bundle identifier is missing. cmTC_5754b doesn't have a bundle identifier. Add a value for PRODUCT_BUNDLE_IDENTIFIER in the build settings editor.
Code Signing Error: Code signing is required for product type 'Application' in SDK 'iOS 14.5'

** BUILD FAILED **


The following build commands failed:
	Check dependencies
(1 failure)


Source file was:
int main() { return 0; }
Determining if the strtod_l exist failed with the following output:
Change Dir: /Users/nikki/Development/castle-xyz/castle-client/core/build_ios/CMakeFiles/CMakeTmp

Run Build Command(s):/usr/bin/xcodebuild -project CMAKE_TRY_COMPILE.xcodeproj build -target cmTC_a52ae -configuration Debug -hideShellScriptEnvironment && 2021-06-08 17:22:50.116 xcodebuild[14041:146717] WARNING: Failed to load plugin at path: "/Users/nikki/Library/Application Support/Developer/Shared/Xcode/Plug-ins/XVim2.xcplugin", skipping. Error: Error Domain=NSCocoaErrorDomain Code=3587 "dlopen_preflight(/Users/nikki/Library/Application Support/Developer/Shared/Xcode/Plug-ins/XVim2.xcplugin/Contents/MacOS/XVim2): no suitable image found.  Did find:
	/Users/nikki/Library/Application Support/Developer/Shared/Xcode/Plug-ins/XVim2.xcplugin/Contents/MacOS/XVim2: code signature in (/Users/nikki/Library/Application Support/Developer/Shared/Xcode/Plug-ins/XVim2.xcplugin/Contents/MacOS/XVim2) not valid for use in process using Library Validation: mapped file has no Team ID and is not a platform binary (signed with custom identity or adhoc?)
	/Users/nikki/Library/Application Support/Developer/Shared/Xcode/Plug-ins/XVim2.xcplugin/Contents/MacOS/XVim2: stat() failed with errno=1
	/Users/nikki/Library/Application Support/Developer/Shared/Xcode/Plug-ins/XVim2.xcplugin/Contents/MacOS/XVim2: code signature in (/Users/nikki/Library/Application Support/Developer/Shared/Xcode/Plug-ins/XVim2.xcplugin/Contents/MacOS/XVim2) not valid for use in process using Library Validation: mapped file has no Team ID and is not a platform binary (signed with custom identity or adhoc?)" UserInfo={NSLocalizedFailureReason=The bundle is damaged or missing necessary resources., NSLocalizedRecoverySuggestion=Try reinstalling the bundle., NSFilePath=/Users/nikki/Library/Application Support/Developer/Shared/Xcode/Plug-ins/XVim2.xcplugin/Contents/MacOS/XVim2, NSDebugDescription=dlopen_preflight(/Users/nikki/Library/Application Support/Developer/Shared/Xcode/Plug-ins/XVim2.xcplugin/Contents/MacOS/XVim2): no suitable image found.  Did find:
	/Users/nikki/Library/Application Support/Developer/Shared/Xcode/Plug-ins/XVim2.xcplugin/Contents/MacOS/XVim2: code signature in (/Users/nikki/Library/Application Support/Developer/Shared/Xcode/Plug-ins/XVim2.xcplugin/Contents/MacOS/XVim2) not valid for use in process using Library Validation: mapped file has no Team ID and is not a platform binary (signed with custom identity or adhoc?)
	/Users/nikki/Library/Application Support/Developer/Shared/Xcode/Plug-ins/XVim2.xcplugin/Contents/MacOS/XVim2: stat() failed with errno=1
	/Users/nikki/Library/Application Support/Developer/Shared/Xcode/Plug-ins/XVim2.xcplugin/Contents/MacOS/XVim2: code signature in (/Users/nikki/Library/Application Support/Developer/Shared/Xcode/Plug-ins/XVim2.xcplugin/Contents/MacOS/XVim2) not valid for use in process using Library Validation: mapped file has no Team ID and is not a platform binary (signed with custom identity or adhoc?), NSBundlePath=/Users/nikki/Library/Application Support/Developer/Shared/Xcode/Plug-ins/XVim2.xcplugin, NSLocalizedDescription=The bundle “XVim2” couldn’t be loaded because it is damaged or missing necessary resources.}
Command line invocation:
    /Applications/Xcode.app/Contents/Developer/usr/bin/xcodebuild -project CMAKE_TRY_COMPILE.xcodeproj build -target cmTC_a52ae -configuration Debug -hideShellScriptEnvironment

User defaults from command line:
    HideShellScriptEnvironment = YES
    IDEPackageSupportUseBuiltinSCM = YES

Prepare build
note: The Legacy Build System will be removed in a future release. You can configure the selected build system and this deprecation message in File > Project Settings.
=== BUILD TARGET cmTC_a52ae OF PROJECT CMAKE_TRY_COMPILE WITH CONFIGURATION Debug ===

Check dependencies
Code Signing Error: Bundle identifier is missing. cmTC_a52ae doesn't have a bundle identifier. Add a value for PRODUCT_BUNDLE_IDENTIFIER in the build settings editor.
Code Signing Error: Code signing is required for product type 'Application' in SDK 'iOS 14.5'

** BUILD FAILED **


The following build commands failed:
	Check dependencies
(1 failure)


File /Users/nikki/Development/castle-xyz/castle-client/core/build_ios/CMakeFiles/CMakeTmp/CheckSymbolExists.c:
/* */
#include <stdlib.h>
#include <xlocale.h>

int main(int argc, char** argv)
{
  (void)argv;
#ifndef strtod_l
  return ((int*)(&strtod_l))[argc];
#else
  (void)argc;
  return 0;
#endif
}
